Determining if the Q_WS_WIN exist failed with the following output:
Change Dir: /net/cremi/mmorgan/liens/travail/PROJET_PGHP/pghpdmvp/trunk/build-projet/CMakeFiles/CMakeTmp

Run Build Command:/usr/bin/make "cmTryCompileExec/fast"
/usr/bin/make -f CMakeFiles/cmTryCompileExec.dir/build.make CMakeFiles/cmTryCompileExec.dir/build
make[1]: entrant dans le répertoire « /autofs/netapp/travail/mmorgan/PROJET_PGHP/pghpdmvp/trunk/build-projet/CMakeFiles/CMakeTmp »
/usr/bin/cmake -E cmake_progress_report /net/cremi/mmorgan/liens/travail/PROJET_PGHP/pghpdmvp/trunk/build-projet/CMakeFiles/CMakeTmp/CMakeFiles 1
Building C object CMakeFiles/cmTryCompileExec.dir/CheckSymbolExists.c.o
/usr/bin/gcc   -I/usr/include/qt4   -o CMakeFiles/cmTryCompileExec.dir/CheckSymbolExists.c.o   -c /net/cremi/mmorgan/liens/travail/PROJET_PGHP/pghpdmvp/trunk/build-projet/CMakeFiles/CMakeTmp/CheckSymbolExists.c
/net/cremi/mmorgan/liens/travail/PROJET_PGHP/pghpdmvp/trunk/build-projet/CMakeFiles/CMakeTmp/CheckSymbolExists.c: In function ‘main’:
/net/cremi/mmorgan/liens/travail/PROJET_PGHP/pghpdmvp/trunk/build-projet/CMakeFiles/CMakeTmp/CheckSymbolExists.c:8:25: error: ‘Q_WS_WIN’ undeclared (first use in this function)
/net/cremi/mmorgan/liens/travail/PROJET_PGHP/pghpdmvp/trunk/build-projet/CMakeFiles/CMakeTmp/CheckSymbolExists.c:8:25: note: each undeclared identifier is reported only once for each function it appears in
make[1]: *** [CMakeFiles/cmTryCompileExec.dir/CheckSymbolExists.c.o] Erreur 1
make[1]: quittant le répertoire « /autofs/netapp/travail/mmorgan/PROJET_PGHP/pghpdmvp/trunk/build-projet/CMakeFiles/CMakeTmp »
make: *** [cmTryCompileExec/fast] Erreur 2

File /net/cremi/mmorgan/liens/travail/PROJET_PGHP/pghpdmvp/trunk/build-projet/CMakeFiles/CMakeTmp/CheckSymbolExists.c:
/* */
#include <QtCore/qglobal.h>

void cmakeRequireSymbol(int dummy,...){(void)dummy;}
int main()
{
#ifndef Q_WS_WIN
  cmakeRequireSymbol(0,&Q_WS_WIN);
#endif
  return 0;
}

Determining if the Q_WS_QWS exist failed with the following output:
Change Dir: /net/cremi/mmorgan/liens/travail/PROJET_PGHP/pghpdmvp/trunk/build-projet/CMakeFiles/CMakeTmp

Run Build Command:/usr/bin/make "cmTryCompileExec/fast"
/usr/bin/make -f CMakeFiles/cmTryCompileExec.dir/build.make CMakeFiles/cmTryCompileExec.dir/build
make[1]: entrant dans le répertoire « /autofs/netapp/travail/mmorgan/PROJET_PGHP/pghpdmvp/trunk/build-projet/CMakeFiles/CMakeTmp »
/usr/bin/cmake -E cmake_progress_report /net/cremi/mmorgan/liens/travail/PROJET_PGHP/pghpdmvp/trunk/build-projet/CMakeFiles/CMakeTmp/CMakeFiles 1
Building C object CMakeFiles/cmTryCompileExec.dir/CheckSymbolExists.c.o
/usr/bin/gcc   -I/usr/include/qt4   -o CMakeFiles/cmTryCompileExec.dir/CheckSymbolExists.c.o   -c /net/cremi/mmorgan/liens/travail/PROJET_PGHP/pghpdmvp/trunk/build-projet/CMakeFiles/CMakeTmp/CheckSymbolExists.c
/net/cremi/mmorgan/liens/travail/PROJET_PGHP/pghpdmvp/trunk/build-projet/CMakeFiles/CMakeTmp/CheckSymbolExists.c: In function ‘main’:
/net/cremi/mmorgan/liens/travail/PROJET_PGHP/pghpdmvp/trunk/build-projet/CMakeFiles/CMakeTmp/CheckSymbolExists.c:8:25: error: ‘Q_WS_QWS’ undeclared (first use in this function)
/net/cremi/mmorgan/liens/travail/PROJET_PGHP/pghpdmvp/trunk/build-projet/CMakeFiles/CMakeTmp/CheckSymbolExists.c:8:25: note: each undeclared identifier is reported only once for each function it appears in
make[1]: *** [CMakeFiles/cmTryCompileExec.dir/CheckSymbolExists.c.o] Erreur 1
make[1]: quittant le répertoire « /autofs/netapp/travail/mmorgan/PROJET_PGHP/pghpdmvp/trunk/build-projet/CMakeFiles/CMakeTmp »
make: *** [cmTryCompileExec/fast] Erreur 2

File /net/cremi/mmorgan/liens/travail/PROJET_PGHP/pghpdmvp/trunk/build-projet/CMakeFiles/CMakeTmp/CheckSymbolExists.c:
/* */
#include <QtCore/qglobal.h>

void cmakeRequireSymbol(int dummy,...){(void)dummy;}
int main()
{
#ifndef Q_WS_QWS
  cmakeRequireSymbol(0,&Q_WS_QWS);
#endif
  return 0;
}

Determining if the Q_WS_MAC exist failed with the following output:
Change Dir: /net/cremi/mmorgan/liens/travail/PROJET_PGHP/pghpdmvp/trunk/build-projet/CMakeFiles/CMakeTmp

Run Build Command:/usr/bin/make "cmTryCompileExec/fast"
/usr/bin/make -f CMakeFiles/cmTryCompileExec.dir/build.make CMakeFiles/cmTryCompileExec.dir/build
make[1]: entrant dans le répertoire « /autofs/netapp/travail/mmorgan/PROJET_PGHP/pghpdmvp/trunk/build-projet/CMakeFiles/CMakeTmp »
/usr/bin/cmake -E cmake_progress_report /net/cremi/mmorgan/liens/travail/PROJET_PGHP/pghpdmvp/trunk/build-projet/CMakeFiles/CMakeTmp/CMakeFiles 1
Building C object CMakeFiles/cmTryCompileExec.dir/CheckSymbolExists.c.o
/usr/bin/gcc   -I/usr/include/qt4   -o CMakeFiles/cmTryCompileExec.dir/CheckSymbolExists.c.o   -c /net/cremi/mmorgan/liens/travail/PROJET_PGHP/pghpdmvp/trunk/build-projet/CMakeFiles/CMakeTmp/CheckSymbolExists.c
/net/cremi/mmorgan/liens/travail/PROJET_PGHP/pghpdmvp/trunk/build-projet/CMakeFiles/CMakeTmp/CheckSymbolExists.c: In function ‘main’:
/net/cremi/mmorgan/liens/travail/PROJET_PGHP/pghpdmvp/trunk/build-projet/CMakeFiles/CMakeTmp/CheckSymbolExists.c:8:25: error: ‘Q_WS_MAC’ undeclared (first use in this function)
/net/cremi/mmorgan/liens/travail/PROJET_PGHP/pghpdmvp/trunk/build-projet/CMakeFiles/CMakeTmp/CheckSymbolExists.c:8:25: note: each undeclared identifier is reported only once for each function it appears in
make[1]: *** [CMakeFiles/cmTryCompileExec.dir/CheckSymbolExists.c.o] Erreur 1
make[1]: quittant le répertoire « /autofs/netapp/travail/mmorgan/PROJET_PGHP/pghpdmvp/trunk/build-projet/CMakeFiles/CMakeTmp »
make: *** [cmTryCompileExec/fast] Erreur 2

File /net/cremi/mmorgan/liens/travail/PROJET_PGHP/pghpdmvp/trunk/build-projet/CMakeFiles/CMakeTmp/CheckSymbolExists.c:
/* */
#include <QtCore/qglobal.h>

void cmakeRequireSymbol(int dummy,...){(void)dummy;}
int main()
{
#ifndef Q_WS_MAC
  cmakeRequireSymbol(0,&Q_WS_MAC);
#endif
  return 0;
}

Determining if the Q_WS_WIN exist failed with the following output:
Change Dir: /home/michmo/Documents/Simulateur-de-descente/sources/build-projet/CMakeFiles/CMakeTmp

Run Build Command:/usr/bin/make "cmTryCompileExec/fast"
/usr/bin/make -f CMakeFiles/cmTryCompileExec.dir/build.make CMakeFiles/cmTryCompileExec.dir/build
make[1]: Entering directory `/home/michmo/Documents/Simulateur-de-descente/sources/build-projet/CMakeFiles/CMakeTmp'
/usr/bin/cmake -E cmake_progress_report /home/michmo/Documents/Simulateur-de-descente/sources/build-projet/CMakeFiles/CMakeTmp/CMakeFiles 1
Building C object CMakeFiles/cmTryCompileExec.dir/CheckSymbolExists.c.o
/usr/bin/gcc   -I/usr/include/qt4    -o CMakeFiles/cmTryCompileExec.dir/CheckSymbolExists.c.o   -c /home/michmo/Documents/Simulateur-de-descente/sources/build-projet/CMakeFiles/CMakeTmp/CheckSymbolExists.c
/home/michmo/Documents/Simulateur-de-descente/sources/build-projet/CMakeFiles/CMakeTmp/CheckSymbolExists.c: In function ‘main’:
/home/michmo/Documents/Simulateur-de-descente/sources/build-projet/CMakeFiles/CMakeTmp/CheckSymbolExists.c:8:25: error: ‘Q_WS_WIN’ undeclared (first use in this function)
/home/michmo/Documents/Simulateur-de-descente/sources/build-projet/CMakeFiles/CMakeTmp/CheckSymbolExists.c:8:25: note: each undeclared identifier is reported only once for each function it appears in
make[1]: *** [CMakeFiles/cmTryCompileExec.dir/CheckSymbolExists.c.o] Error 1
make[1]: Leaving directory `/home/michmo/Documents/Simulateur-de-descente/sources/build-projet/CMakeFiles/CMakeTmp'
make: *** [cmTryCompileExec/fast] Error 2

File /home/michmo/Documents/Simulateur-de-descente/sources/build-projet/CMakeFiles/CMakeTmp/CheckSymbolExists.c:
/* */
#include <QtCore/qglobal.h>

void cmakeRequireSymbol(int dummy,...){(void)dummy;}
int main()
{
#ifndef Q_WS_WIN
  cmakeRequireSymbol(0,&Q_WS_WIN);
#endif
  return 0;
}

Determining if the Q_WS_QWS exist failed with the following output:
Change Dir: /home/michmo/Documents/Simulateur-de-descente/sources/build-projet/CMakeFiles/CMakeTmp

Run Build Command:/usr/bin/make "cmTryCompileExec/fast"
/usr/bin/make -f CMakeFiles/cmTryCompileExec.dir/build.make CMakeFiles/cmTryCompileExec.dir/build
make[1]: Entering directory `/home/michmo/Documents/Simulateur-de-descente/sources/build-projet/CMakeFiles/CMakeTmp'
/usr/bin/cmake -E cmake_progress_report /home/michmo/Documents/Simulateur-de-descente/sources/build-projet/CMakeFiles/CMakeTmp/CMakeFiles 1
Building C object CMakeFiles/cmTryCompileExec.dir/CheckSymbolExists.c.o
/usr/bin/gcc   -I/usr/include/qt4    -o CMakeFiles/cmTryCompileExec.dir/CheckSymbolExists.c.o   -c /home/michmo/Documents/Simulateur-de-descente/sources/build-projet/CMakeFiles/CMakeTmp/CheckSymbolExists.c
/home/michmo/Documents/Simulateur-de-descente/sources/build-projet/CMakeFiles/CMakeTmp/CheckSymbolExists.c: In function ‘main’:
/home/michmo/Documents/Simulateur-de-descente/sources/build-projet/CMakeFiles/CMakeTmp/CheckSymbolExists.c:8:25: error: ‘Q_WS_QWS’ undeclared (first use in this function)
/home/michmo/Documents/Simulateur-de-descente/sources/build-projet/CMakeFiles/CMakeTmp/CheckSymbolExists.c:8:25: note: each undeclared identifier is reported only once for each function it appears in
make[1]: *** [CMakeFiles/cmTryCompileExec.dir/CheckSymbolExists.c.o] Error 1
make[1]: Leaving directory `/home/michmo/Documents/Simulateur-de-descente/sources/build-projet/CMakeFiles/CMakeTmp'
make: *** [cmTryCompileExec/fast] Error 2

File /home/michmo/Documents/Simulateur-de-descente/sources/build-projet/CMakeFiles/CMakeTmp/CheckSymbolExists.c:
/* */
#include <QtCore/qglobal.h>

void cmakeRequireSymbol(int dummy,...){(void)dummy;}
int main()
{
#ifndef Q_WS_QWS
  cmakeRequireSymbol(0,&Q_WS_QWS);
#endif
  return 0;
}

Determining if the Q_WS_MAC exist failed with the following output:
Change Dir: /home/michmo/Documents/Simulateur-de-descente/sources/build-projet/CMakeFiles/CMakeTmp

Run Build Command:/usr/bin/make "cmTryCompileExec/fast"
/usr/bin/make -f CMakeFiles/cmTryCompileExec.dir/build.make CMakeFiles/cmTryCompileExec.dir/build
make[1]: Entering directory `/home/michmo/Documents/Simulateur-de-descente/sources/build-projet/CMakeFiles/CMakeTmp'
/usr/bin/cmake -E cmake_progress_report /home/michmo/Documents/Simulateur-de-descente/sources/build-projet/CMakeFiles/CMakeTmp/CMakeFiles 1
Building C object CMakeFiles/cmTryCompileExec.dir/CheckSymbolExists.c.o
/usr/bin/gcc   -I/usr/include/qt4    -o CMakeFiles/cmTryCompileExec.dir/CheckSymbolExists.c.o   -c /home/michmo/Documents/Simulateur-de-descente/sources/build-projet/CMakeFiles/CMakeTmp/CheckSymbolExists.c
/home/michmo/Documents/Simulateur-de-descente/sources/build-projet/CMakeFiles/CMakeTmp/CheckSymbolExists.c: In function ‘main’:
/home/michmo/Documents/Simulateur-de-descente/sources/build-projet/CMakeFiles/CMakeTmp/CheckSymbolExists.c:8:25: error: ‘Q_WS_MAC’ undeclared (first use in this function)
/home/michmo/Documents/Simulateur-de-descente/sources/build-projet/CMakeFiles/CMakeTmp/CheckSymbolExists.c:8:25: note: each undeclared identifier is reported only once for each function it appears in
make[1]: *** [CMakeFiles/cmTryCompileExec.dir/CheckSymbolExists.c.o] Error 1
make[1]: Leaving directory `/home/michmo/Documents/Simulateur-de-descente/sources/build-projet/CMakeFiles/CMakeTmp'
make: *** [cmTryCompileExec/fast] Error 2

File /home/michmo/Documents/Simulateur-de-descente/sources/build-projet/CMakeFiles/CMakeTmp/CheckSymbolExists.c:
/* */
#include <QtCore/qglobal.h>

void cmakeRequireSymbol(int dummy,...){(void)dummy;}
int main()
{
#ifndef Q_WS_MAC
  cmakeRequireSymbol(0,&Q_WS_MAC);
#endif
  return 0;
}

Determining if the Q_WS_WIN exist failed with the following output:
Change Dir: /net/cremi/aledupou/PGHP/projet/sources/build-projet/CMakeFiles/CMakeTmp

Run Build Command:/usr/bin/make "cmTryCompileExec/fast"
/usr/bin/make -f CMakeFiles/cmTryCompileExec.dir/build.make CMakeFiles/cmTryCompileExec.dir/build
make[1]: entrant dans le répertoire « /autofs/netapp/account/cremi/aledupou/PGHP/projet/sources/build-projet/CMakeFiles/CMakeTmp »
/usr/bin/cmake -E cmake_progress_report /net/cremi/aledupou/PGHP/projet/sources/build-projet/CMakeFiles/CMakeTmp/CMakeFiles 1
Building C object CMakeFiles/cmTryCompileExec.dir/CheckSymbolExists.c.o
/usr/bin/gcc   -I/usr/include/qt4   -o CMakeFiles/cmTryCompileExec.dir/CheckSymbolExists.c.o   -c /net/cremi/aledupou/PGHP/projet/sources/build-projet/CMakeFiles/CMakeTmp/CheckSymbolExists.c
/net/cremi/aledupou/PGHP/projet/sources/build-projet/CMakeFiles/CMakeTmp/CheckSymbolExists.c: In function ‘main’:
/net/cremi/aledupou/PGHP/projet/sources/build-projet/CMakeFiles/CMakeTmp/CheckSymbolExists.c:8:25: error: ‘Q_WS_WIN’ undeclared (first use in this function)
/net/cremi/aledupou/PGHP/projet/sources/build-projet/CMakeFiles/CMakeTmp/CheckSymbolExists.c:8:25: note: each undeclared identifier is reported only once for each function it appears in
make[1]: *** [CMakeFiles/cmTryCompileExec.dir/CheckSymbolExists.c.o] Erreur 1
make[1]: quittant le répertoire « /autofs/netapp/account/cremi/aledupou/PGHP/projet/sources/build-projet/CMakeFiles/CMakeTmp »
make: *** [cmTryCompileExec/fast] Erreur 2

File /net/cremi/aledupou/PGHP/projet/sources/build-projet/CMakeFiles/CMakeTmp/CheckSymbolExists.c:
/* */
#include <QtCore/qglobal.h>

void cmakeRequireSymbol(int dummy,...){(void)dummy;}
int main()
{
#ifndef Q_WS_WIN
  cmakeRequireSymbol(0,&Q_WS_WIN);
#endif
  return 0;
}

Determining if the Q_WS_QWS exist failed with the following output:
Change Dir: /net/cremi/aledupou/PGHP/projet/sources/build-projet/CMakeFiles/CMakeTmp

Run Build Command:/usr/bin/make "cmTryCompileExec/fast"
/usr/bin/make -f CMakeFiles/cmTryCompileExec.dir/build.make CMakeFiles/cmTryCompileExec.dir/build
make[1]: entrant dans le répertoire « /autofs/netapp/account/cremi/aledupou/PGHP/projet/sources/build-projet/CMakeFiles/CMakeTmp »
/usr/bin/cmake -E cmake_progress_report /net/cremi/aledupou/PGHP/projet/sources/build-projet/CMakeFiles/CMakeTmp/CMakeFiles 1
Building C object CMakeFiles/cmTryCompileExec.dir/CheckSymbolExists.c.o
/usr/bin/gcc   -I/usr/include/qt4   -o CMakeFiles/cmTryCompileExec.dir/CheckSymbolExists.c.o   -c /net/cremi/aledupou/PGHP/projet/sources/build-projet/CMakeFiles/CMakeTmp/CheckSymbolExists.c
/net/cremi/aledupou/PGHP/projet/sources/build-projet/CMakeFiles/CMakeTmp/CheckSymbolExists.c: In function ‘main’:
/net/cremi/aledupou/PGHP/projet/sources/build-projet/CMakeFiles/CMakeTmp/CheckSymbolExists.c:8:25: error: ‘Q_WS_QWS’ undeclared (first use in this function)
/net/cremi/aledupou/PGHP/projet/sources/build-projet/CMakeFiles/CMakeTmp/CheckSymbolExists.c:8:25: note: each undeclared identifier is reported only once for each function it appears in
make[1]: quittant le répertoire « /autofs/netapp/account/cremi/aledupou/PGHP/projet/sources/build-projet/CMakeFiles/CMakeTmp »
make[1]: *** [CMakeFiles/cmTryCompileExec.dir/CheckSymbolExists.c.o] Erreur 1
make: *** [cmTryCompileExec/fast] Erreur 2

File /net/cremi/aledupou/PGHP/projet/sources/build-projet/CMakeFiles/CMakeTmp/CheckSymbolExists.c:
/* */
#include <QtCore/qglobal.h>

void cmakeRequireSymbol(int dummy,...){(void)dummy;}
int main()
{
#ifndef Q_WS_QWS
  cmakeRequireSymbol(0,&Q_WS_QWS);
#endif
  return 0;
}

Determining if the Q_WS_MAC exist failed with the following output:
Change Dir: /net/cremi/aledupou/PGHP/projet/sources/build-projet/CMakeFiles/CMakeTmp

Run Build Command:/usr/bin/make "cmTryCompileExec/fast"
/usr/bin/make -f CMakeFiles/cmTryCompileExec.dir/build.make CMakeFiles/cmTryCompileExec.dir/build
make[1]: entrant dans le répertoire « /autofs/netapp/account/cremi/aledupou/PGHP/projet/sources/build-projet/CMakeFiles/CMakeTmp »
/usr/bin/cmake -E cmake_progress_report /net/cremi/aledupou/PGHP/projet/sources/build-projet/CMakeFiles/CMakeTmp/CMakeFiles 1
Building C object CMakeFiles/cmTryCompileExec.dir/CheckSymbolExists.c.o
/usr/bin/gcc   -I/usr/include/qt4   -o CMakeFiles/cmTryCompileExec.dir/CheckSymbolExists.c.o   -c /net/cremi/aledupou/PGHP/projet/sources/build-projet/CMakeFiles/CMakeTmp/CheckSymbolExists.c
/net/cremi/aledupou/PGHP/projet/sources/build-projet/CMakeFiles/CMakeTmp/CheckSymbolExists.c: In function ‘main’:
/net/cremi/aledupou/PGHP/projet/sources/build-projet/CMakeFiles/CMakeTmp/CheckSymbolExists.c:8:25: error: ‘Q_WS_MAC’ undeclared (first use in this function)
/net/cremi/aledupou/PGHP/projet/sources/build-projet/CMakeFiles/CMakeTmp/CheckSymbolExists.c:8:25: note: each undeclared identifier is reported only once for each function it appears in
make[1]: quittant le répertoire « /autofs/netapp/account/cremi/aledupou/PGHP/projet/sources/build-projet/CMakeFiles/CMakeTmp »
make[1]: *** [CMakeFiles/cmTryCompileExec.dir/CheckSymbolExists.c.o] Erreur 1
make: *** [cmTryCompileExec/fast] Erreur 2

File /net/cremi/aledupou/PGHP/projet/sources/build-projet/CMakeFiles/CMakeTmp/CheckSymbolExists.c:
/* */
#include <QtCore/qglobal.h>

void cmakeRequireSymbol(int dummy,...){(void)dummy;}
int main()
{
#ifndef Q_WS_MAC
  cmakeRequireSymbol(0,&Q_WS_MAC);
#endif
  return 0;
}

Determining if the Q_WS_WIN exist failed with the following output:
Change Dir: /net/cremi/mmorgan/liens/travail/pghp/pghp/sources/build-projet/CMakeFiles/CMakeTmp

Run Build Command:/usr/bin/make "cmTryCompileExec/fast"
/usr/bin/make -f CMakeFiles/cmTryCompileExec.dir/build.make CMakeFiles/cmTryCompileExec.dir/build
make[1]: entrant dans le répertoire « /autofs/netapp/travail/mmorgan/pghp/pghp/sources/build-projet/CMakeFiles/CMakeTmp »
/usr/bin/cmake -E cmake_progress_report /net/cremi/mmorgan/liens/travail/pghp/pghp/sources/build-projet/CMakeFiles/CMakeTmp/CMakeFiles 1
Building C object CMakeFiles/cmTryCompileExec.dir/CheckSymbolExists.c.o
/usr/bin/gcc   -I/usr/include/qt4   -o CMakeFiles/cmTryCompileExec.dir/CheckSymbolExists.c.o   -c /net/cremi/mmorgan/liens/travail/pghp/pghp/sources/build-projet/CMakeFiles/CMakeTmp/CheckSymbolExists.c
/net/cremi/mmorgan/liens/travail/pghp/pghp/sources/build-projet/CMakeFiles/CMakeTmp/CheckSymbolExists.c: In function ‘main’:
/net/cremi/mmorgan/liens/travail/pghp/pghp/sources/build-projet/CMakeFiles/CMakeTmp/CheckSymbolExists.c:8:25: error: ‘Q_WS_WIN’ undeclared (first use in this function)
/net/cremi/mmorgan/liens/travail/pghp/pghp/sources/build-projet/CMakeFiles/CMakeTmp/CheckSymbolExists.c:8:25: note: each undeclared identifier is reported only once for each function it appears in
make[1]: *** [CMakeFiles/cmTryCompileExec.dir/CheckSymbolExists.c.o] Erreur 1
make[1]: quittant le répertoire « /autofs/netapp/travail/mmorgan/pghp/pghp/sources/build-projet/CMakeFiles/CMakeTmp »
make: *** [cmTryCompileExec/fast] Erreur 2

File /net/cremi/mmorgan/liens/travail/pghp/pghp/sources/build-projet/CMakeFiles/CMakeTmp/CheckSymbolExists.c:
/* */
#include <QtCore/qglobal.h>

void cmakeRequireSymbol(int dummy,...){(void)dummy;}
int main()
{
#ifndef Q_WS_WIN
  cmakeRequireSymbol(0,&Q_WS_WIN);
#endif
  return 0;
}

Determining if the Q_WS_QWS exist failed with the following output:
Change Dir: /net/cremi/mmorgan/liens/travail/pghp/pghp/sources/build-projet/CMakeFiles/CMakeTmp

Run Build Command:/usr/bin/make "cmTryCompileExec/fast"
/usr/bin/make -f CMakeFiles/cmTryCompileExec.dir/build.make CMakeFiles/cmTryCompileExec.dir/build
make[1]: entrant dans le répertoire « /autofs/netapp/travail/mmorgan/pghp/pghp/sources/build-projet/CMakeFiles/CMakeTmp »
/usr/bin/cmake -E cmake_progress_report /net/cremi/mmorgan/liens/travail/pghp/pghp/sources/build-projet/CMakeFiles/CMakeTmp/CMakeFiles 1
Building C object CMakeFiles/cmTryCompileExec.dir/CheckSymbolExists.c.o
/usr/bin/gcc   -I/usr/include/qt4   -o CMakeFiles/cmTryCompileExec.dir/CheckSymbolExists.c.o   -c /net/cremi/mmorgan/liens/travail/pghp/pghp/sources/build-projet/CMakeFiles/CMakeTmp/CheckSymbolExists.c
/net/cremi/mmorgan/liens/travail/pghp/pghp/sources/build-projet/CMakeFiles/CMakeTmp/CheckSymbolExists.c: In function ‘main’:
/net/cremi/mmorgan/liens/travail/pghp/pghp/sources/build-projet/CMakeFiles/CMakeTmp/CheckSymbolExists.c:8:25: error: ‘Q_WS_QWS’ undeclared (first use in this function)
/net/cremi/mmorgan/liens/travail/pghp/pghp/sources/build-projet/CMakeFiles/CMakeTmp/CheckSymbolExists.c:8:25: note: each undeclared identifier is reported only once for each function it appears in
make[1]: *** [CMakeFiles/cmTryCompileExec.dir/CheckSymbolExists.c.o] Erreur 1
make[1]: quittant le répertoire « /autofs/netapp/travail/mmorgan/pghp/pghp/sources/build-projet/CMakeFiles/CMakeTmp »
make: *** [cmTryCompileExec/fast] Erreur 2

File /net/cremi/mmorgan/liens/travail/pghp/pghp/sources/build-projet/CMakeFiles/CMakeTmp/CheckSymbolExists.c:
/* */
#include <QtCore/qglobal.h>

void cmakeRequireSymbol(int dummy,...){(void)dummy;}
int main()
{
#ifndef Q_WS_QWS
  cmakeRequireSymbol(0,&Q_WS_QWS);
#endif
  return 0;
}

Determining if the Q_WS_MAC exist failed with the following output:
Change Dir: /net/cremi/mmorgan/liens/travail/pghp/pghp/sources/build-projet/CMakeFiles/CMakeTmp

Run Build Command:/usr/bin/make "cmTryCompileExec/fast"
/usr/bin/make -f CMakeFiles/cmTryCompileExec.dir/build.make CMakeFiles/cmTryCompileExec.dir/build
make[1]: entrant dans le répertoire « /autofs/netapp/travail/mmorgan/pghp/pghp/sources/build-projet/CMakeFiles/CMakeTmp »
/usr/bin/cmake -E cmake_progress_report /net/cremi/mmorgan/liens/travail/pghp/pghp/sources/build-projet/CMakeFiles/CMakeTmp/CMakeFiles 1
Building C object CMakeFiles/cmTryCompileExec.dir/CheckSymbolExists.c.o
/usr/bin/gcc   -I/usr/include/qt4   -o CMakeFiles/cmTryCompileExec.dir/CheckSymbolExists.c.o   -c /net/cremi/mmorgan/liens/travail/pghp/pghp/sources/build-projet/CMakeFiles/CMakeTmp/CheckSymbolExists.c
/net/cremi/mmorgan/liens/travail/pghp/pghp/sources/build-projet/CMakeFiles/CMakeTmp/CheckSymbolExists.c: In function ‘main’:
/net/cremi/mmorgan/liens/travail/pghp/pghp/sources/build-projet/CMakeFiles/CMakeTmp/CheckSymbolExists.c:8:25: error: ‘Q_WS_MAC’ undeclared (first use in this function)
/net/cremi/mmorgan/liens/travail/pghp/pghp/sources/build-projet/CMakeFiles/CMakeTmp/CheckSymbolExists.c:8:25: note: each undeclared identifier is reported only once for each function it appears in
make[1]: *** [CMakeFiles/cmTryCompileExec.dir/CheckSymbolExists.c.o] Erreur 1
make[1]: quittant le répertoire « /autofs/netapp/travail/mmorgan/pghp/pghp/sources/build-projet/CMakeFiles/CMakeTmp »
make: *** [cmTryCompileExec/fast] Erreur 2

File /net/cremi/mmorgan/liens/travail/pghp/pghp/sources/build-projet/CMakeFiles/CMakeTmp/CheckSymbolExists.c:
/* */
#include <QtCore/qglobal.h>

void cmakeRequireSymbol(int dummy,...){(void)dummy;}
int main()
{
#ifndef Q_WS_MAC
  cmakeRequireSymbol(0,&Q_WS_MAC);
#endif
  return 0;
}

